d:\simon\documents\github\typefighter\typefighter\debug\vc141.pdb
d:\simon\documents\github\typefighter\typefighter\debug\vc141.idb
d:\simon\documents\github\typefighter\typefighter\debug\sfmldebugdraw.obj
d:\simon\documents\github\typefighter\typefighter\debug\raycastcallback.obj
d:\simon\documents\github\typefighter\typefighter\debug\player.obj
d:\simon\documents\github\typefighter\typefighter\debug\npc.obj
d:\simon\documents\github\typefighter\typefighter\debug\main.obj
d:\simon\documents\github\typefighter\typefighter\debug\imagehandler.obj
d:\simon\documents\github\typefighter\typefighter\debug\hitbox.obj
d:\simon\documents\github\typefighter\typefighter\debug\gameentity.obj
d:\simon\documents\github\typefighter\typefighter\debug\entitymanager.obj
d:\simon\documents\github\typefighter\typefighter\debug\engine.obj
d:\simon\documents\github\typefighter\typefighter\debug\enemygroup.obj
d:\simon\documents\github\typefighter\typefighter\debug\destructablegroup.obj
d:\simon\documents\github\typefighter\typefighter\debug\destructable.obj
d:\simon\documents\github\typefighter\typefighter\debug\controllable.obj
d:\simon\documents\github\typefighter\typefighter\debug\character.obj
d:\simon\documents\github\typefighter\typefighter\debug\camera.obj
d:\simon\documents\github\typefighter\typefighter\debug\brain.obj
d:\simon\documents\github\typefighter\typefighter\debug\background.obj
d:\simon\documents\github\typefighter\typefighter\debug\attack.obj
d:\simon\documents\github\typefighter\typefighter\debug\animationhandler.obj
d:\simon\documents\github\typefighter\typefighter\debug\drawtext.obj
d:\simon\documents\github\typefighter\typefighter\debug\worldgenerator.obj
d:\simon\documents\github\typefighter\typefighter\debug\typingcontrols.obj
d:\simon\documents\github\typefighter\typefighter\debug\splitanimationmanager.obj
d:\simon\documents\github\typefighter\debug\typefighter.ilk
d:\simon\documents\github\typefighter\debug\typefighter.exe
d:\simon\documents\github\typefighter\debug\typefighter.pdb
d:\simon\documents\github\typefighter\typefighter\debug\typefighter.tlog\cl.command.1.tlog
d:\simon\documents\github\typefighter\typefighter\debug\typefighter.tlog\cl.read.1.tlog
d:\simon\documents\github\typefighter\typefighter\debug\typefighter.tlog\cl.write.1.tlog
d:\simon\documents\github\typefighter\typefighter\debug\typefighter.tlog\link.command.1.tlog
d:\simon\documents\github\typefighter\typefighter\debug\typefighter.tlog\link.read.1.tlog
d:\simon\documents\github\typefighter\typefighter\debug\typefighter.tlog\link.write.1.tlog
