  Controllable.cpp
d:\simon\documents\github\typefighter\typefighter\animationhandler.h(56): warning C4240: nonstandard extension used: access to 'AnimationHandler::frameIndex' now defined to be 'public', previously it was defined to be 'private'
  d:\simon\documents\github\typefighter\typefighter\animationhandler.h(29): note: see declaration of 'AnimationHandler::frameIndex'
d:\simon\documents\github\typefighter\typefighter\drawtext.h(33): warning C4244: 'argument': conversion from 'int' to 'T', possible loss of data
          with
          [
              T=float
          ]
d:\simon\documents\github\typefighter\typefighter\drawtext.h(34): warning C4244: 'argument': conversion from 'int' to 'T', possible loss of data
          with
          [
              T=float
          ]
  NPC.cpp
d:\simon\documents\github\typefighter\typefighter\animationhandler.h(56): warning C4240: nonstandard extension used: access to 'AnimationHandler::frameIndex' now defined to be 'public', previously it was defined to be 'private'
  d:\simon\documents\github\typefighter\typefighter\animationhandler.h(29): note: see declaration of 'AnimationHandler::frameIndex'
d:\simon\documents\github\typefighter\typefighter\npc.cpp(206): warning C4244: 'argument': conversion from 'double' to 'T', possible loss of data
          with
          [
              T=float
          ]
d:\simon\documents\github\typefighter\typefighter\npc.cpp(208): warning C4244: 'argument': conversion from 'double' to 'T', possible loss of data
          with
          [
              T=float
          ]
d:\simon\documents\github\typefighter\typefighter\npc.cpp(210): warning C4244: 'argument': conversion from 'double' to 'T', possible loss of data
          with
          [
              T=float
          ]
  Generating Code...
  TypeFighter.vcxproj -> D:\Simon\Documents\GitHub\TypeFighter\Debug\TypeFighter.exe
