C:\Program Files (x86)\Microsoft Visual Studio\2017\Community\Common7\IDE\VC\VCTargets\Microsoft.CppBuild.targets(391,5): warning MSB8028: The intermediate directory (x64\Debug\) contains files shared from another project (KeyboardWarrior.vcxproj).  This can lead to incorrect clean and rebuild behavior.
  AnimationHandler.cpp
d:\simon\documents\github\typefighter\typefighter\animationhandler.h(4): fatal error C1083: Cannot open include file: 'SFML\Graphics.hpp': No such file or directory
  Attack.cpp
d:\simon\documents\github\typefighter\typefighter\gameentity.h(4): fatal error C1083: Cannot open include file: 'SFML\Graphics.hpp': No such file or directory
  Background.cpp
d:\simon\documents\github\typefighter\typefighter\imagehandler.h(4): fatal error C1083: Cannot open include file: 'SFML\Graphics.hpp': No such file or directory
  Brain.cpp
d:\simon\documents\github\typefighter\typefighter\brain.h(4): fatal error C1083: Cannot open include file: 'Box2D\Box2D.h': No such file or directory
  Camera.cpp
d:\simon\documents\github\typefighter\typefighter\camera.h(4): fatal error C1083: Cannot open include file: 'SFML\Graphics.hpp': No such file or directory
  Character.cpp
d:\simon\documents\github\typefighter\typefighter\gameentity.h(4): fatal error C1083: Cannot open include file: 'SFML\Graphics.hpp': No such file or directory
  Controllable.cpp
d:\simon\documents\github\typefighter\typefighter\gameentity.h(4): fatal error C1083: Cannot open include file: 'SFML\Graphics.hpp': No such file or directory
  Destructable.cpp
d:\simon\documents\github\typefighter\typefighter\gameentity.h(4): fatal error C1083: Cannot open include file: 'SFML\Graphics.hpp': No such file or directory
  DestructableGroup.cpp
d:\simon\documents\github\typefighter\typefighter\destructablegroup.h(4): fatal error C1083: Cannot open include file: 'SFML/Graphics.hpp': No such file or directory
  EnemyGroup.cpp
d:\simon\documents\github\typefighter\typefighter\enemygroup.h(4): fatal error C1083: Cannot open include file: 'SFML/Graphics.hpp': No such file or directory
  Engine.cpp
d:\simon\documents\github\typefighter\typefighter\engine.h(4): fatal error C1083: Cannot open include file: 'SFML\Graphics.hpp': No such file or directory
  EntityManager.cpp
d:\simon\documents\github\typefighter\typefighter\gameentity.h(4): fatal error C1083: Cannot open include file: 'SFML\Graphics.hpp': No such file or directory
  GameEntity.cpp
d:\simon\documents\github\typefighter\typefighter\gameentity.h(4): fatal error C1083: Cannot open include file: 'SFML\Graphics.hpp': No such file or directory
  HitBox.cpp
d:\simon\documents\github\typefighter\typefighter\gameentity.h(4): fatal error C1083: Cannot open include file: 'SFML\Graphics.hpp': No such file or directory
  ImageHandler.cpp
d:\simon\documents\github\typefighter\typefighter\imagehandler.h(4): fatal error C1083: Cannot open include file: 'SFML\Graphics.hpp': No such file or directory
  Main.cpp
d:\simon\documents\github\typefighter\typefighter\engine.h(4): fatal error C1083: Cannot open include file: 'SFML\Graphics.hpp': No such file or directory
  NPC.cpp
d:\simon\documents\github\typefighter\typefighter\gameentity.h(4): fatal error C1083: Cannot open include file: 'SFML\Graphics.hpp': No such file or directory
  Player.cpp
d:\simon\documents\github\typefighter\typefighter\player.h(4): fatal error C1083: Cannot open include file: 'SFML\Graphics.hpp': No such file or directory
  RayCastCallback.cpp
d:\simon\documents\github\typefighter\typefighter\raycastcallback.h(4): fatal error C1083: Cannot open include file: 'Box2D\Box2D.h': No such file or directory
  SFMLDebugDraw.cpp
d:\simon\documents\github\typefighter\typefighter\sfmldebugdraw.h(20): fatal error C1083: Cannot open include file: 'Box2D/Box2D.h': No such file or directory
  Generating Code...
  Compiling...
  SplitAnimationManager.cpp
d:\simon\documents\github\typefighter\typefighter\animationhandler.h(4): fatal error C1083: Cannot open include file: 'SFML\Graphics.hpp': No such file or directory
  TypingControls.cpp
d:\simon\documents\github\typefighter\typefighter\typingcontrols.h(4): fatal error C1083: Cannot open include file: 'SFML\Graphics.hpp': No such file or directory
  WorldGenerator.cpp
d:\simon\documents\github\typefighter\typefighter\worldgenerator.h(4): fatal error C1083: Cannot open include file: 'SFML\Graphics.hpp': No such file or directory
  DrawText.cpp
d:\simon\documents\github\typefighter\typefighter\drawtext.h(4): fatal error C1083: Cannot open include file: 'SFML\Graphics.hpp': No such file or directory
  Generating Code...
