C:\Program Files (x86)\Microsoft Visual Studio\2017\Community\Common7\IDE\VC\VCTargets\Microsoft.CppBuild.targets(391,5): warning MSB8028: The intermediate directory (Release\) contains files shared from another project (KeyboardWarrior.vcxproj).  This can lead to incorrect clean and rebuild behavior.
  Engine.cpp
d:\simon\documents\github\typefighter\typefighter\animationhandler.h(56): warning C4240: nonstandard extension used: access to 'AnimationHandler::frameIndex' now defined to be 'public', previously it was defined to be 'private'
  d:\simon\documents\github\typefighter\typefighter\animationhandler.h(29): note: see declaration of 'AnimationHandler::frameIndex'
d:\simon\documents\github\typefighter\typefighter\worldgenerator.h(108): warning C4244: 'return': conversion from 'int' to 'float', possible loss of data
d:\simon\documents\github\typefighter\typefighter\enemygroup.h(5): warning C4067: unexpected tokens following preprocessor directive - expected a newline
d:\simon\documents\github\typefighter\typefighter\destructablegroup.h(5): warning C4067: unexpected tokens following preprocessor directive - expected a newline
d:\simon\documents\github\typefighter\typefighter\drawtext.h(35): warning C4244: 'argument': conversion from 'int' to 'T', possible loss of data
          with
          [
              T=float
          ]
d:\simon\documents\github\typefighter\typefighter\drawtext.h(36): warning C4244: 'argument': conversion from 'int' to 'T', possible loss of data
          with
          [
              T=float
          ]
d:\simon\documents\github\typefighter\typefighter\engine.cpp(7): warning C4244: 'argument': conversion from 'time_t' to 'unsigned int', possible loss of data
d:\simon\documents\github\typefighter\typefighter\engine.cpp(9): warning C4244: 'argument': conversion from 'unsigned int' to 'T', possible loss of data
          with
          [
              T=float
          ]
d:\simon\documents\github\typefighter\typefighter\engine.cpp(12): warning C4244: 'argument': conversion from 'T' to 'unsigned int', possible loss of data
          with
          [
              T=float
          ]
d:\simon\documents\github\typefighter\typefighter\engine.cpp(23): warning C4244: 'argument': conversion from 'int' to 'float', possible loss of data
d:\simon\documents\github\typefighter\typefighter\engine.cpp(90): warning C4244: 'argument': conversion from 'T' to 'T', possible loss of data
          with
          [
              T=unsigned int
          ]
          and
          [
              T=float
          ]
d:\simon\documents\github\typefighter\typefighter\engine.cpp(91): warning C4244: 'argument': conversion from 'T' to 'T', possible loss of data
          with
          [
              T=unsigned int
          ]
          and
          [
              T=float
          ]
d:\simon\documents\github\typefighter\typefighter\engine.cpp(91): warning C4244: 'argument': conversion from 'double' to 'T', possible loss of data
          with
          [
              T=float
          ]
d:\simon\documents\github\typefighter\typefighter\engine.cpp(150): warning C4244: 'argument': conversion from 'T' to 'unsigned int', possible loss of data
          with
          [
              T=float
          ]
d:\simon\documents\github\typefighter\typefighter\engine.cpp(161): warning C4018: '<': signed/unsigned mismatch
d:\simon\documents\github\typefighter\typefighter\engine.cpp(170): warning C4018: '<': signed/unsigned mismatch
d:\simon\documents\github\typefighter\typefighter\engine.cpp(197): warning C4244: 'argument': conversion from 'double' to 'T', possible loss of data
          with
          [
              T=float
          ]
d:\simon\documents\github\typefighter\typefighter\engine.cpp(227): warning C4244: 'argument': conversion from 'double' to 'T', possible loss of data
          with
          [
              T=float
          ]
d:\simon\documents\github\typefighter\typefighter\engine.cpp(250): warning C4244: 'argument': conversion from 'double' to 'T', possible loss of data
          with
          [
              T=float
          ]
d:\simon\documents\github\typefighter\typefighter\engine.cpp(271): warning C4244: 'argument': conversion from 'const _Ty' to 'float', possible loss of data
          with
          [
              _Ty=int
          ]
d:\simon\documents\github\typefighter\typefighter\engine.cpp(273): warning C4244: 'argument': conversion from 'double' to 'T', possible loss of data
          with
          [
              T=float
          ]
d:\simon\documents\github\typefighter\typefighter\engine.cpp(281): warning C4244: 'argument': conversion from 'const _Ty' to 'float', possible loss of data
          with
          [
              _Ty=int
          ]
d:\simon\documents\github\typefighter\typefighter\engine.cpp(330): warning C4018: '<': signed/unsigned mismatch
d:\simon\documents\github\typefighter\typefighter\engine.cpp(383): warning C4018: '<': signed/unsigned mismatch
d:\simon\documents\github\typefighter\typefighter\engine.cpp(431): warning C4018: '<': signed/unsigned mismatch
d:\simon\documents\github\typefighter\typefighter\engine.cpp(433): warning C4018: '<': signed/unsigned mismatch
d:\simon\documents\github\typefighter\typefighter\engine.cpp(436): warning C4244: 'initializing': conversion from 'float' to 'int', possible loss of data
d:\simon\documents\github\typefighter\typefighter\engine.cpp(439): warning C4244: 'initializing': conversion from 'float' to 'int', possible loss of data
  Generating code
  3 of 2187 functions ( 0.1%) were compiled, the rest were copied from previous compilation.
    0 functions were new in current compilation
    4 functions had inline decision re-evaluated but remain unchanged
  Finished generating code
Box2D.lib(b2BroadPhase.obj) : warning LNK4099: PDB 'Box2D.pdb' was not found with 'Box2D.lib(b2BroadPhase.obj)' or at 'D:\Simon\Documents\GitHub\TypeFighter\Release\Box2D.pdb'; linking object as if no debug info
Box2D.lib(b2CollideCircle.obj) : warning LNK4099: PDB 'Box2D.pdb' was not found with 'Box2D.lib(b2CollideCircle.obj)' or at 'D:\Simon\Documents\GitHub\TypeFighter\Release\Box2D.pdb'; linking object as if no debug info
Box2D.lib(b2CollideEdge.obj) : warning LNK4099: PDB 'Box2D.pdb' was not found with 'Box2D.lib(b2CollideEdge.obj)' or at 'D:\Simon\Documents\GitHub\TypeFighter\Release\Box2D.pdb'; linking object as if no debug info
Box2D.lib(b2CollidePolygon.obj) : warning LNK4099: PDB 'Box2D.pdb' was not found with 'Box2D.lib(b2CollidePolygon.obj)' or at 'D:\Simon\Documents\GitHub\TypeFighter\Release\Box2D.pdb'; linking object as if no debug info
Box2D.lib(b2Collision.obj) : warning LNK4099: PDB 'Box2D.pdb' was not found with 'Box2D.lib(b2Collision.obj)' or at 'D:\Simon\Documents\GitHub\TypeFighter\Release\Box2D.pdb'; linking object as if no debug info
Box2D.lib(b2Distance.obj) : warning LNK4099: PDB 'Box2D.pdb' was not found with 'Box2D.lib(b2Distance.obj)' or at 'D:\Simon\Documents\GitHub\TypeFighter\Release\Box2D.pdb'; linking object as if no debug info
Box2D.lib(b2DynamicTree.obj) : warning LNK4099: PDB 'Box2D.pdb' was not found with 'Box2D.lib(b2DynamicTree.obj)' or at 'D:\Simon\Documents\GitHub\TypeFighter\Release\Box2D.pdb'; linking object as if no debug info
Box2D.lib(b2TimeOfImpact.obj) : warning LNK4099: PDB 'Box2D.pdb' was not found with 'Box2D.lib(b2TimeOfImpact.obj)' or at 'D:\Simon\Documents\GitHub\TypeFighter\Release\Box2D.pdb'; linking object as if no debug info
Box2D.lib(b2ChainShape.obj) : warning LNK4099: PDB 'Box2D.pdb' was not found with 'Box2D.lib(b2ChainShape.obj)' or at 'D:\Simon\Documents\GitHub\TypeFighter\Release\Box2D.pdb'; linking object as if no debug info
Box2D.lib(b2CircleShape.obj) : warning LNK4099: PDB 'Box2D.pdb' was not found with 'Box2D.lib(b2CircleShape.obj)' or at 'D:\Simon\Documents\GitHub\TypeFighter\Release\Box2D.pdb'; linking object as if no debug info
Box2D.lib(b2EdgeShape.obj) : warning LNK4099: PDB 'Box2D.pdb' was not found with 'Box2D.lib(b2EdgeShape.obj)' or at 'D:\Simon\Documents\GitHub\TypeFighter\Release\Box2D.pdb'; linking object as if no debug info
Box2D.lib(b2PolygonShape.obj) : warning LNK4099: PDB 'Box2D.pdb' was not found with 'Box2D.lib(b2PolygonShape.obj)' or at 'D:\Simon\Documents\GitHub\TypeFighter\Release\Box2D.pdb'; linking object as if no debug info
Box2D.lib(b2BlockAllocator.obj) : warning LNK4099: PDB 'Box2D.pdb' was not found with 'Box2D.lib(b2BlockAllocator.obj)' or at 'D:\Simon\Documents\GitHub\TypeFighter\Release\Box2D.pdb'; linking object as if no debug info
Box2D.lib(b2Draw.obj) : warning LNK4099: PDB 'Box2D.pdb' was not found with 'Box2D.lib(b2Draw.obj)' or at 'D:\Simon\Documents\GitHub\TypeFighter\Release\Box2D.pdb'; linking object as if no debug info
Box2D.lib(b2Math.obj) : warning LNK4099: PDB 'Box2D.pdb' was not found with 'Box2D.lib(b2Math.obj)' or at 'D:\Simon\Documents\GitHub\TypeFighter\Release\Box2D.pdb'; linking object as if no debug info
Box2D.lib(b2Settings.obj) : warning LNK4099: PDB 'Box2D.pdb' was not found with 'Box2D.lib(b2Settings.obj)' or at 'D:\Simon\Documents\GitHub\TypeFighter\Release\Box2D.pdb'; linking object as if no debug info
Box2D.lib(b2StackAllocator.obj) : warning LNK4099: PDB 'Box2D.pdb' was not found with 'Box2D.lib(b2StackAllocator.obj)' or at 'D:\Simon\Documents\GitHub\TypeFighter\Release\Box2D.pdb'; linking object as if no debug info
Box2D.lib(b2Timer.obj) : warning LNK4099: PDB 'Box2D.pdb' was not found with 'Box2D.lib(b2Timer.obj)' or at 'D:\Simon\Documents\GitHub\TypeFighter\Release\Box2D.pdb'; linking object as if no debug info
Box2D.lib(b2Body.obj) : warning LNK4099: PDB 'Box2D.pdb' was not found with 'Box2D.lib(b2Body.obj)' or at 'D:\Simon\Documents\GitHub\TypeFighter\Release\Box2D.pdb'; linking object as if no debug info
Box2D.lib(b2ContactManager.obj) : warning LNK4099: PDB 'Box2D.pdb' was not found with 'Box2D.lib(b2ContactManager.obj)' or at 'D:\Simon\Documents\GitHub\TypeFighter\Release\Box2D.pdb'; linking object as if no debug info
Box2D.lib(b2Fixture.obj) : warning LNK4099: PDB 'Box2D.pdb' was not found with 'Box2D.lib(b2Fixture.obj)' or at 'D:\Simon\Documents\GitHub\TypeFighter\Release\Box2D.pdb'; linking object as if no debug info
Box2D.lib(b2Island.obj) : warning LNK4099: PDB 'Box2D.pdb' was not found with 'Box2D.lib(b2Island.obj)' or at 'D:\Simon\Documents\GitHub\TypeFighter\Release\Box2D.pdb'; linking object as if no debug info
Box2D.lib(b2World.obj) : warning LNK4099: PDB 'Box2D.pdb' was not found with 'Box2D.lib(b2World.obj)' or at 'D:\Simon\Documents\GitHub\TypeFighter\Release\Box2D.pdb'; linking object as if no debug info
Box2D.lib(b2WorldCallbacks.obj) : warning LNK4099: PDB 'Box2D.pdb' was not found with 'Box2D.lib(b2WorldCallbacks.obj)' or at 'D:\Simon\Documents\GitHub\TypeFighter\Release\Box2D.pdb'; linking object as if no debug info
Box2D.lib(b2ChainAndCircleContact.obj) : warning LNK4099: PDB 'Box2D.pdb' was not found with 'Box2D.lib(b2ChainAndCircleContact.obj)' or at 'D:\Simon\Documents\GitHub\TypeFighter\Release\Box2D.pdb'; linking object as if no debug info
Box2D.lib(b2ChainAndPolygonContact.obj) : warning LNK4099: PDB 'Box2D.pdb' was not found with 'Box2D.lib(b2ChainAndPolygonContact.obj)' or at 'D:\Simon\Documents\GitHub\TypeFighter\Release\Box2D.pdb'; linking object as if no debug info
Box2D.lib(b2CircleContact.obj) : warning LNK4099: PDB 'Box2D.pdb' was not found with 'Box2D.lib(b2CircleContact.obj)' or at 'D:\Simon\Documents\GitHub\TypeFighter\Release\Box2D.pdb'; linking object as if no debug info
Box2D.lib(b2Contact.obj) : warning LNK4099: PDB 'Box2D.pdb' was not found with 'Box2D.lib(b2Contact.obj)' or at 'D:\Simon\Documents\GitHub\TypeFighter\Release\Box2D.pdb'; linking object as if no debug info
Box2D.lib(b2ContactSolver.obj) : warning LNK4099: PDB 'Box2D.pdb' was not found with 'Box2D.lib(b2ContactSolver.obj)' or at 'D:\Simon\Documents\GitHub\TypeFighter\Release\Box2D.pdb'; linking object as if no debug info
Box2D.lib(b2EdgeAndCircleContact.obj) : warning LNK4099: PDB 'Box2D.pdb' was not found with 'Box2D.lib(b2EdgeAndCircleContact.obj)' or at 'D:\Simon\Documents\GitHub\TypeFighter\Release\Box2D.pdb'; linking object as if no debug info
Box2D.lib(b2EdgeAndPolygonContact.obj) : warning LNK4099: PDB 'Box2D.pdb' was not found with 'Box2D.lib(b2EdgeAndPolygonContact.obj)' or at 'D:\Simon\Documents\GitHub\TypeFighter\Release\Box2D.pdb'; linking object as if no debug info
Box2D.lib(b2PolygonAndCircleContact.obj) : warning LNK4099: PDB 'Box2D.pdb' was not found with 'Box2D.lib(b2PolygonAndCircleContact.obj)' or at 'D:\Simon\Documents\GitHub\TypeFighter\Release\Box2D.pdb'; linking object as if no debug info
Box2D.lib(b2PolygonContact.obj) : warning LNK4099: PDB 'Box2D.pdb' was not found with 'Box2D.lib(b2PolygonContact.obj)' or at 'D:\Simon\Documents\GitHub\TypeFighter\Release\Box2D.pdb'; linking object as if no debug info
Box2D.lib(b2DistanceJoint.obj) : warning LNK4099: PDB 'Box2D.pdb' was not found with 'Box2D.lib(b2DistanceJoint.obj)' or at 'D:\Simon\Documents\GitHub\TypeFighter\Release\Box2D.pdb'; linking object as if no debug info
Box2D.lib(b2FrictionJoint.obj) : warning LNK4099: PDB 'Box2D.pdb' was not found with 'Box2D.lib(b2FrictionJoint.obj)' or at 'D:\Simon\Documents\GitHub\TypeFighter\Release\Box2D.pdb'; linking object as if no debug info
Box2D.lib(b2GearJoint.obj) : warning LNK4099: PDB 'Box2D.pdb' was not found with 'Box2D.lib(b2GearJoint.obj)' or at 'D:\Simon\Documents\GitHub\TypeFighter\Release\Box2D.pdb'; linking object as if no debug info
Box2D.lib(b2Joint.obj) : warning LNK4099: PDB 'Box2D.pdb' was not found with 'Box2D.lib(b2Joint.obj)' or at 'D:\Simon\Documents\GitHub\TypeFighter\Release\Box2D.pdb'; linking object as if no debug info
Box2D.lib(b2MotorJoint.obj) : warning LNK4099: PDB 'Box2D.pdb' was not found with 'Box2D.lib(b2MotorJoint.obj)' or at 'D:\Simon\Documents\GitHub\TypeFighter\Release\Box2D.pdb'; linking object as if no debug info
Box2D.lib(b2MouseJoint.obj) : warning LNK4099: PDB 'Box2D.pdb' was not found with 'Box2D.lib(b2MouseJoint.obj)' or at 'D:\Simon\Documents\GitHub\TypeFighter\Release\Box2D.pdb'; linking object as if no debug info
Box2D.lib(b2PrismaticJoint.obj) : warning LNK4099: PDB 'Box2D.pdb' was not found with 'Box2D.lib(b2PrismaticJoint.obj)' or at 'D:\Simon\Documents\GitHub\TypeFighter\Release\Box2D.pdb'; linking object as if no debug info
Box2D.lib(b2PulleyJoint.obj) : warning LNK4099: PDB 'Box2D.pdb' was not found with 'Box2D.lib(b2PulleyJoint.obj)' or at 'D:\Simon\Documents\GitHub\TypeFighter\Release\Box2D.pdb'; linking object as if no debug info
Box2D.lib(b2RevoluteJoint.obj) : warning LNK4099: PDB 'Box2D.pdb' was not found with 'Box2D.lib(b2RevoluteJoint.obj)' or at 'D:\Simon\Documents\GitHub\TypeFighter\Release\Box2D.pdb'; linking object as if no debug info
Box2D.lib(b2RopeJoint.obj) : warning LNK4099: PDB 'Box2D.pdb' was not found with 'Box2D.lib(b2RopeJoint.obj)' or at 'D:\Simon\Documents\GitHub\TypeFighter\Release\Box2D.pdb'; linking object as if no debug info
Box2D.lib(b2WeldJoint.obj) : warning LNK4099: PDB 'Box2D.pdb' was not found with 'Box2D.lib(b2WeldJoint.obj)' or at 'D:\Simon\Documents\GitHub\TypeFighter\Release\Box2D.pdb'; linking object as if no debug info
Box2D.lib(b2WheelJoint.obj) : warning LNK4099: PDB 'Box2D.pdb' was not found with 'Box2D.lib(b2WheelJoint.obj)' or at 'D:\Simon\Documents\GitHub\TypeFighter\Release\Box2D.pdb'; linking object as if no debug info
  TypeFighter.vcxproj -> D:\Simon\Documents\GitHub\TypeFighter\Release\TypeFighter.exe
