d:\simon\documents\github\keyboardwarrior\keyboardwarrior\release\vc141.pdb
d:\simon\documents\github\keyboardwarrior\keyboardwarrior\release\sfmldebugdraw.obj
d:\simon\documents\github\keyboardwarrior\keyboardwarrior\release\raycastcallback.obj
d:\simon\documents\github\keyboardwarrior\keyboardwarrior\release\player.obj
d:\simon\documents\github\keyboardwarrior\keyboardwarrior\release\npc.obj
d:\simon\documents\github\keyboardwarrior\keyboardwarrior\release\main.obj
d:\simon\documents\github\keyboardwarrior\keyboardwarrior\release\imagehandler.obj
d:\simon\documents\github\keyboardwarrior\keyboardwarrior\release\hitbox.obj
d:\simon\documents\github\keyboardwarrior\keyboardwarrior\release\gameentity.obj
d:\simon\documents\github\keyboardwarrior\keyboardwarrior\release\entitymanager.obj
d:\simon\documents\github\keyboardwarrior\keyboardwarrior\release\engine.obj
d:\simon\documents\github\keyboardwarrior\keyboardwarrior\release\enemygroup.obj
d:\simon\documents\github\keyboardwarrior\keyboardwarrior\release\destructablegroup.obj
d:\simon\documents\github\keyboardwarrior\keyboardwarrior\release\destructable.obj
d:\simon\documents\github\keyboardwarrior\keyboardwarrior\release\controllable.obj
d:\simon\documents\github\keyboardwarrior\keyboardwarrior\release\character.obj
d:\simon\documents\github\keyboardwarrior\keyboardwarrior\release\camera.obj
d:\simon\documents\github\keyboardwarrior\keyboardwarrior\release\brain.obj
d:\simon\documents\github\keyboardwarrior\keyboardwarrior\release\background.obj
d:\simon\documents\github\keyboardwarrior\keyboardwarrior\release\attack.obj
d:\simon\documents\github\keyboardwarrior\keyboardwarrior\release\animationhandler.obj
d:\simon\documents\github\keyboardwarrior\keyboardwarrior\release\drawtext.obj
d:\simon\documents\github\keyboardwarrior\keyboardwarrior\release\worldgenerator.obj
d:\simon\documents\github\keyboardwarrior\keyboardwarrior\release\typingcontrols.obj
d:\simon\documents\github\keyboardwarrior\keyboardwarrior\release\splitanimationmanager.obj
d:\simon\documents\github\keyboardwarrior\release\keyboardwarrior.ipdb
d:\simon\documents\github\keyboardwarrior\release\keyboardwarrior.iobj
d:\simon\documents\github\keyboardwarrior\release\keyboardwarrior.exe
d:\simon\documents\github\keyboardwarrior\release\keyboardwarrior.pdb
d:\simon\documents\github\keyboardwarrior\keyboardwarrior\release\keyboardwarrior.tlog\cl.command.1.tlog
d:\simon\documents\github\keyboardwarrior\keyboardwarrior\release\keyboardwarrior.tlog\cl.read.1.tlog
d:\simon\documents\github\keyboardwarrior\keyboardwarrior\release\keyboardwarrior.tlog\cl.write.1.tlog
d:\simon\documents\github\keyboardwarrior\keyboardwarrior\release\keyboardwarrior.tlog\keyboardwarrior.write.1u.tlog
d:\simon\documents\github\keyboardwarrior\keyboardwarrior\release\keyboardwarrior.tlog\link.command.1.tlog
d:\simon\documents\github\keyboardwarrior\keyboardwarrior\release\keyboardwarrior.tlog\link.read.1.tlog
d:\simon\documents\github\keyboardwarrior\keyboardwarrior\release\keyboardwarrior.tlog\link.write.1.tlog
